<?xml version='1.0' encoding='UTF-8'?>
<testsuite hostname="prashant-HP-ProBook-440-G2" name="recfun.RecFunSuite" tests="11" errors="0" failures="2" skipped="0" time="20.302" timestamp="2020-12-14T12:46:52">
                     <properties>
[...]
</properties>
                     <testcase classname="recfun.RecFunSuite" name="countChange: sorted CHF" time="0.169">
                                                 
                                               </testcase><testcase classname="recfun.RecFunSuite" name="countChange: unsorted CHF" time="0.007">
                                                 
                                               </testcase><testcase classname="recfun.RecFunSuite" name="countChange: example given in instructions" time="0.014">
                                                 
                                               </testcase><testcase classname="recfun.RecFunSuite" name="balance: counting is not enough" time="0.098">
                                                 
                                               </testcase><testcase classname="recfun.RecFunSuite" name="pascal: col=1,row=2" time="0.001">
                                                 
                                               </testcase><testcase classname="recfun.RecFunSuite" name="pascal: col=1,row=3" time="0.003">
                                                 
                                               </testcase><testcase classname="recfun.RecFunSuite" name="balance: ':-)' is unbalanced" time="0.002">
                                                 
                                               </testcase><testcase classname="recfun.RecFunSuite" name="pascal: col=0,row=2" time="0.0">
                                                 
                                               </testcase><testcase classname="recfun.RecFunSuite" name="balance: '(if (zero? x) max (/ 1 x))' is balanced" time="10.004">
                                                 <failure message="java.lang.Exception: test timed out after 10000 milliseconds" type="sbt.ForkMain$ForkError">sbt.ForkMain$ForkError: java.lang.Exception: test timed out after 10000 milliseconds
	at recfun.RecFun$.innerFunction$1(RecFun.scala:37)
	at recfun.RecFun$.balance(RecFun.scala:39)
	at recfun.RecFunSuite.balance$colon$u0020$u0027$u0028if$u0020$u0028zero$qmark$u0020x$u0029$u0020max$u0020$u0028$div$u00201$u0020x$u0029$u0029$u0027$u0020is$u0020balanced(RecFunSuite.scala:12)
	at sun.reflect.NativeMethodAccessorImpl.invoke0(Native Method)
	at sun.reflect.NativeMethodAccessorImpl.invoke(NativeMethodAccessorImpl.java:62)
	at sun.reflect.DelegatingMethodAccessorImpl.invoke(DelegatingMethodAccessorImpl.java:43)
	at java.lang.reflect.Method.invoke(Method.java:498)
	at org.junit.runners.model.FrameworkMethod$1.runReflectiveCall(FrameworkMethod.java:47)
	at org.junit.internal.runners.model.ReflectiveCallable.run(ReflectiveCallable.java:12)
	at org.junit.runners.model.FrameworkMethod.invokeExplosively(FrameworkMethod.java:44)
	at org.junit.internal.runners.statements.InvokeMethod.evaluate(InvokeMethod.java:17)
	at org.junit.internal.runners.statements.FailOnTimeout$StatementThread.run(FailOnTimeout.java:74)
</failure>
                                               </testcase><testcase classname="recfun.RecFunSuite" name="countChange: no pennies" time="0.002">
                                                 
                                               </testcase><testcase classname="recfun.RecFunSuite" name="' is balanced" time="10.002">
                                                 <failure message="java.lang.Exception: test timed out after 10000 milliseconds" type="sbt.ForkMain$ForkError">sbt.ForkMain$ForkError: java.lang.Exception: test timed out after 10000 milliseconds
	at recfun.RecFun$.innerFunction$1(RecFun.scala:37)
	at recfun.RecFun$.balance(RecFun.scala:39)
	at recfun.RecFunSuite.balance$colon$u0020$u0027I$u0020told$u0020him$u0020$u002E$u002E$u002E$u0027$u0020is$u0020balanced(RecFunSuite.scala:15)
	at sun.reflect.NativeMethodAccessorImpl.invoke0(Native Method)
	at sun.reflect.NativeMethodAccessorImpl.invoke(NativeMethodAccessorImpl.java:62)
	at sun.reflect.DelegatingMethodAccessorImpl.invoke(DelegatingMethodAccessorImpl.java:43)
	at java.lang.reflect.Method.invoke(Method.java:498)
	at org.junit.runners.model.FrameworkMethod$1.runReflectiveCall(FrameworkMethod.java:47)
	at org.junit.internal.runners.model.ReflectiveCallable.run(ReflectiveCallable.java:12)
	at org.junit.runners.model.FrameworkMethod.invokeExplosively(FrameworkMethod.java:44)
	at org.junit.internal.runners.statements.InvokeMethod.evaluate(InvokeMethod.java:17)
	at org.junit.internal.runners.statements.FailOnTimeout$StatementThread.run(FailOnTimeout.java:74)
</failure>
                                               </testcase>
                     <system-out><![CDATA[]]></system-out>
                     <system-err><![CDATA[]]></system-err>
                   </testsuite>